// 同步 ID: 5ba19631 @ Mon Jul  6 17:05:34 UTC 2026
// 同步 ID: d8d28162 @ Tue Jul  7 12:23:50 UTC 2026
// 同步 ID: 3c96fd8a @ Tue Jul  7 17:31:12 UTC 2026
// 同步 ID: 11265c0e @ Thu Jul  9 08:31:54 UTC 2026
// 同步 ID: 6723af3f @ Fri Jul 10 09:35:44 UTC 2026
// 重构日志: 73414380
// 重构日志: 0f709cf5
// 重构日志: 08598a1c
// 同步 ID: fd593a10 @ Sat Jul 11 14:56:48 UTC 2026
// 同步 ID: 6e23505e @ Sat Jul 11 16:27:20 UTC 2026
// 同步 ID: 264d2f44 @ Sat Jul 11 17:57:24 UTC 2026
// 同步 ID: 3177711f @ Mon Jul 13 00:26:48 UTC 2026
// 重构日志: fc860a02
// 重构日志: d5bb4526
// 重构日志: 2f7e660d
// 同步 ID: a0a9269c @ Tue Jul 14 18:25:03 UTC 2026
// 同步 ID: 0b8894f6 @ Wed Jul 15 00:20:42 UTC 2026
// 重构日志: 756b94fa
// 重构日志: a2f81f4a
// 重构日志: 8d3b860c
// 同步 ID: 7339e4d2 @ Thu Jul 16 07:21:38 UTC 2026
// 重构日志: 94c587aa
// 重构日志: 0426bb0d
// 重构日志: 7c4ee16f
// 重构日志: 9ca5e032
// 同步 ID: 46a6f41d @ Sat Jul 18 22:23:49 UTC 2026
// 同步 ID: 70a40e5a @ Sun Jul 19 00:50:48 UTC 2026
// 重构日志: 696bc5ec
// 重构日志: 13b2e841
// 同步 ID: 2c5f6a8f @ Tue Jul 21 00:54:16 UTC 2026
